FILE_TYPE=LIBRARY_PARTS;
PRIMITIVE 'ABLS_12.000MHZ_B4_T','ABLS_12.000MHZ_B4_T_Other';
  PIN
    '1':
      PIN_NUMBER='(1)';
      NO_LOAD_CHECK=BOTH;
      NO_IO_CHECK=BOTH;
      ALLOW_CONNECT=TRUE;
      PINUSE='UNSPEC';
    '2':
      PIN_NUMBER='(2)';
      NO_LOAD_CHECK=BOTH;
      NO_IO_CHECK=BOTH;
      ALLOW_CONNECT=TRUE;
      PINUSE='UNSPEC';
  END_PIN;
  BODY
    PART_NAME='ABLS_12.000MHZ_B4_T';
    PHYS_DES_PREFIX='F';
    NO_LOAD_CHECK='TRUE';
    PIN_COUNT='2';
    BODY_NAME='ABLS_12.000MHZ_B4_T';
    JEDEC_TYPE='HC/49US-(AT49)_1';
  END_BODY;
END_PRIMITIVE;
END.
